<?xml version="1.0" encoding="UTF-8"?>
<testsuite xmlns:xsi="http://www.w3.org/2001/XMLSchema-instance" xsi:noNamespaceSchemaLocation="https://maven.apache.org/surefire/maven-surefire-plugin/xsd/surefire-test-report.xsd" name="SensoritJaLampotilaTest" time="0.092" tests="21" errors="0" skipped="0" failures="0">
  <properties>
[...]
</properties>
  <testcase name="testaaLampomittarinKonstruktori" classname="SensoritJaLampotilaTest" time="0.014"/>
  <testcase name="luokkaKeskiarvosensori" classname="SensoritJaLampotilaTest" time="0"/>
  <testcase name="VakiosensoriOnSensori" classname="SensoritJaLampotilaTest" time="0"/>
  <testcase name="testaaKeskiarvosensorinKonstruktori" classname="SensoritJaLampotilaTest" time="0"/>
  <testcase name="eiYlimaaraisiaMuuttujiaKeskiarvosensorilla" classname="SensoritJaLampotilaTest" time="0"/>
  <testcase name="testaaLampomittari" classname="SensoritJaLampotilaTest" time="0.018"/>
  <testcase name="keskiarvosensoriPaalleJaPois2" classname="SensoritJaLampotilaTest" time="0.004"/>
  <testcase name="luokkaLampomittari" classname="SensoritJaLampotilaTest" time="0"/>
  <testcase name="eiYlimaaraisiaMuuttujiaLampomittarilla" classname="SensoritJaLampotilaTest" time="0"/>
  <testcase name="KeskiarvosensoriOnSensori" classname="SensoritJaLampotilaTest" time="0"/>
  <testcase name="LampomittariOnSensori" classname="SensoritJaLampotilaTest" time="0"/>
  <testcase name="testaaVakiosensorinKonstruktori" classname="SensoritJaLampotilaTest" time="0"/>
  <testcase name="onMetodisensorienLisaamiseenKeskiarvosensorille" classname="SensoritJaLampotilaTest" time="0"/>
  <testcase name="eiYlimaaraisiaMuuttujiaVakiosensorilla" classname="SensoritJaLampotilaTest" time="0"/>
  <testcase name="poikkeusJosKeskiarvomittarillaMitataanJaEiPaalla" classname="SensoritJaLampotilaTest" time="0.004"/>
  <testcase name="keskiarvosensorilaMetodiMittaukset" classname="SensoritJaLampotilaTest" time="0"/>
  <testcase name="keskiarvosensorilaMetodiMittauksetToimii" classname="SensoritJaLampotilaTest" time="0"/>
  <testcase name="testaaVakiosensori" classname="SensoritJaLampotilaTest" time="0"/>
  <testcase name="luokkaVakiosensori" classname="SensoritJaLampotilaTest" time="0"/>
  <testcase name="keskiarvonMittausToimii" classname="SensoritJaLampotilaTest" time="0"/>
  <testcase name="keskiarvosensoriPaalleJaPois" classname="SensoritJaLampotilaTest" time="0"/>
</testsuite>